Build started 4/3/2013 1:53:23 AM.
     1>Project "G:\Stan\scl-manips-group.git-new_eigen\applications-windows\scl_cs225_ctrl\Scl_control_wrapper\controlDLL\controlDLL.vcxproj" on node 3 (build target(s)).
     1>InitializeBuildStatus:
         Touching "Debug\controlDLL.unsuccessfulbuild".
       ClCompile:
         All outputs are up-to-date.
       ManifestResourceCompile:
         All outputs are up-to-date.
     1>C:\Program Files\MSBuild\Microsoft.Cpp\v4.0\Microsoft.CppBuild.targets(990,5): warning MSB8012: TargetPath(G:\Stan\scl-manips-group.git-new_eigen\applications-windows\scl_cs225_ctrl\Scl_control_wrapper\controlDLL\Debug\controlDLL.dll) does not match the Linker's OutputFile property value (G:\Stan\scl-manips-group.git-new_eigen\applications-windows\scl_cs225_ctrl\Scl_control_wrapper\controlDLL\Debug\control.dll). This may cause your project to build incorrectly. To correct this, please make sure that $(OutDir), $(TargetName) and $(TargetExt) property values match the value specified in %(Link.OutputFile).
     1>C:\Program Files\MSBuild\Microsoft.Cpp\v4.0\Microsoft.CppBuild.targets(992,5): warning MSB8012: TargetName(controlDLL) does not match the Linker's OutputFile property value (control). This may cause your project to build incorrectly. To correct this, please make sure that $(OutDir), $(TargetName) and $(TargetExt) property values match the value specified in %(Link.OutputFile).
       Link:
         C:\Program Files\Microsoft Visual Studio 10.0\VC\bin\link.exe /ERRORREPORT:PROMPT /OUT:"Debug\control.dll" /INCREMENTAL /NOLOGO /LIBPATH:.\lib matrix.lib newmat10.lib kernel32.lib user32.lib gdi32.lib winspool.lib comdlg32.lib advapi32.lib shell32.lib ole32.lib oleaut32.lib uuid.lib odbc32.lib odbccp32.lib /DEF:"controlDLL.def" /MANIFEST /ManifestFile:"Debug\controlDLL.dll.intermediate.manifest" /MANIFESTUAC:"level='asInvoker' uiAccess='false'" /DEBUG /PDB:"Debug\controlDLL.pdb" /SUBSYSTEM:WINDOWS /TLBID:1 /DYNAMICBASE /NXCOMPAT /IMPLIB:"Debug\controlDLL.lib" /MACHINE:X86 /DLL Debug\controlDLL.dll.embed.manifest.res
         Debug\control.obj
         Debug\stdafx.obj
            Creating library Debug\controlDLL.lib and object Debug\controlDLL.exp
     1>controlDLL.exp : warning LNK4070: /OUT:controlDLL.dll directive in .EXP differs from output filename 'Debug\control.dll'; ignoring directive
     1>matrix.lib(PrQuaternion.obj) : error LNK2001: unresolved external symbol "int __cdecl XPrintf(char const *,...)" (?XPrintf@@YAHPBDZZ)
     1>matrix.lib(PrVector3.obj) : error LNK2001: unresolved external symbol "int __cdecl XPrintf(char const *,...)" (?XPrintf@@YAHPBDZZ)
     1>matrix.lib(PrMatrix6.obj) : error LNK2001: unresolved external symbol "int __cdecl XPrintf(char const *,...)" (?XPrintf@@YAHPBDZZ)
     1>matrix.lib(PrVector.obj) : error LNK2019: unresolved external symbol "int __cdecl XPrintf(char const *,...)" (?XPrintf@@YAHPBDZZ) referenced in function "public: void __thiscall PrVector::display(char const *)const " (?display@PrVector@@QBEXPBD@Z)
     1>matrix.lib(PrVector6.obj) : error LNK2001: unresolved external symbol "int __cdecl XPrintf(char const *,...)" (?XPrintf@@YAHPBDZZ)
     1>matrix.lib(PrMatrix3.obj) : error LNK2001: unresolved external symbol "int __cdecl XPrintf(char const *,...)" (?XPrintf@@YAHPBDZZ)
     1>matrix.lib(PrMatrix.obj) : error LNK2001: unresolved external symbol "int __cdecl XPrintf(char const *,...)" (?XPrintf@@YAHPBDZZ)
     1>Debug\control.dll : fatal error LNK1120: 1 unresolved externals
     1>Done Building Project "G:\Stan\scl-manips-group.git-new_eigen\applications-windows\scl_cs225_ctrl\Scl_control_wrapper\controlDLL\controlDLL.vcxproj" (build target(s)) -- FAILED.

Build FAILED.

Time Elapsed 00:00:00.76
